CRITICAL - 2023-05-08 08:53:47 --> Call to undefined function form_open()
in APPPATH\Views\login.php on line 41.
 1 SYSTEMPATH\View\View.php(213): include()
 2 SYSTEMPATH\View\View.php(216): CodeIgniter\View\View->CodeIgniter\View\{closure}()
 3 SYSTEMPATH\Common.php(1184): CodeIgniter\View\View->render('login', [], true)
 4 APPPATH\Controllers\Login.php(12): view('login')
 5 SYSTEMPATH\CodeIgniter.php(934): App\Controllers\Login->index()
 6 SYSTEMPATH\CodeIgniter.php(499): CodeIgniter\CodeIgniter->runController(Object(App\Controllers\Login))
 7 SYSTEMPATH\CodeIgniter.php(368): CodeIgniter\CodeIgniter->handleRequest(null, Object(Config\Cache), false)
 8 FCPATH\index.php(67): CodeIgniter\CodeIgniter->run()
CRITICAL - 2023-05-08 08:57:14 --> Call to undefined function form_open()
in APPPATH\Views\login.php on line 41.
 1 SYSTEMPATH\View\View.php(213): include()
 2 SYSTEMPATH\View\View.php(216): CodeIgniter\View\View->CodeIgniter\View\{closure}()
 3 SYSTEMPATH\Common.php(1184): CodeIgniter\View\View->render('login', [], true)
 4 APPPATH\Controllers\Login.php(12): view('login')
 5 SYSTEMPATH\CodeIgniter.php(934): App\Controllers\Login->index()
 6 SYSTEMPATH\CodeIgniter.php(499): CodeIgniter\CodeIgniter->runController(Object(App\Controllers\Login))
 7 SYSTEMPATH\CodeIgniter.php(368): CodeIgniter\CodeIgniter->handleRequest(null, Object(Config\Cache), false)
 8 FCPATH\index.php(67): CodeIgniter\CodeIgniter->run()
CRITICAL - 2023-05-08 08:57:16 --> Call to undefined function form_open()
in APPPATH\Views\login.php on line 41.
 1 SYSTEMPATH\View\View.php(213): include()
 2 SYSTEMPATH\View\View.php(216): CodeIgniter\View\View->CodeIgniter\View\{closure}()
 3 SYSTEMPATH\Common.php(1184): CodeIgniter\View\View->render('login', [], true)
 4 APPPATH\Controllers\Login.php(12): view('login')
 5 SYSTEMPATH\CodeIgniter.php(934): App\Controllers\Login->index()
 6 SYSTEMPATH\CodeIgniter.php(499): CodeIgniter\CodeIgniter->runController(Object(App\Controllers\Login))
 7 SYSTEMPATH\CodeIgniter.php(368): CodeIgniter\CodeIgniter->handleRequest(null, Object(Config\Cache), false)
 8 FCPATH\index.php(67): CodeIgniter\CodeIgniter->run()
CRITICAL - 2023-05-08 08:57:16 --> Call to undefined function form_open()
in APPPATH\Views\login.php on line 41.
 1 SYSTEMPATH\View\View.php(213): include()
 2 SYSTEMPATH\View\View.php(216): CodeIgniter\View\View->CodeIgniter\View\{closure}()
 3 SYSTEMPATH\Common.php(1184): CodeIgniter\View\View->render('login', [], true)
 4 APPPATH\Controllers\Login.php(12): view('login')
 5 SYSTEMPATH\CodeIgniter.php(934): App\Controllers\Login->index()
 6 SYSTEMPATH\CodeIgniter.php(499): CodeIgniter\CodeIgniter->runController(Object(App\Controllers\Login))
 7 SYSTEMPATH\CodeIgniter.php(368): CodeIgniter\CodeIgniter->handleRequest(null, Object(Config\Cache), false)
 8 FCPATH\index.php(67): CodeIgniter\CodeIgniter->run()
CRITICAL - 2023-05-08 08:57:17 --> Call to undefined function form_open()
in APPPATH\Views\login.php on line 41.
 1 SYSTEMPATH\View\View.php(213): include()
 2 SYSTEMPATH\View\View.php(216): CodeIgniter\View\View->CodeIgniter\View\{closure}()
 3 SYSTEMPATH\Common.php(1184): CodeIgniter\View\View->render('login', [], true)
 4 APPPATH\Controllers\Login.php(12): view('login')
 5 SYSTEMPATH\CodeIgniter.php(934): App\Controllers\Login->index()
 6 SYSTEMPATH\CodeIgniter.php(499): CodeIgniter\CodeIgniter->runController(Object(App\Controllers\Login))
 7 SYSTEMPATH\CodeIgniter.php(368): CodeIgniter\CodeIgniter->handleRequest(null, Object(Config\Cache), false)
 8 FCPATH\index.php(67): CodeIgniter\CodeIgniter->run()
INFO - 2023-05-08 09:14:48 --> Session: Class initialized using 'CodeIgniter\Session\Handlers\FileHandler' driver.
INFO - 2023-05-08 09:15:59 --> Session: Class initialized using 'CodeIgniter\Session\Handlers\FileHandler' driver.
INFO - 2023-05-08 09:35:58 --> Session: Class initialized using 'CodeIgniter\Session\Handlers\FileHandler' driver.
INFO - 2023-05-08 09:36:12 --> Session: Class initialized using 'CodeIgniter\Session\Handlers\FileHandler' driver.
INFO - 2023-05-08 10:05:52 --> Session: Class initialized using 'CodeIgniter\Session\Handlers\FileHandler' driver.
INFO - 2023-05-08 10:14:18 --> Session: Class initialized using 'CodeIgniter\Session\Handlers\FileHandler' driver.
CRITICAL - 2023-05-08 10:16:21 --> Undefined index: userpassword
in APPPATH\Controllers\Login.php on line 59.
 1 APPPATH\Controllers\Login.php(59): CodeIgniter\Debug\Exceptions->errorHandler(8, 'Undefined index: userpassword', 'C:\\xampp\\htdocs\\survey\\app\\Controllers\\Login.php', 59, [...])
 2 SYSTEMPATH\CodeIgniter.php(934): App\Controllers\Login->cekUser()
 3 SYSTEMPATH\CodeIgniter.php(499): CodeIgniter\CodeIgniter->runController(Object(App\Controllers\Login))
 4 SYSTEMPATH\CodeIgniter.php(368): CodeIgniter\CodeIgniter->handleRequest(null, Object(Config\Cache), false)
 5 FCPATH\index.php(67): CodeIgniter\CodeIgniter->run()
CRITICAL - 2023-05-08 10:22:13 --> Undefined index: userpassword
in APPPATH\Controllers\Login.php on line 59.
 1 APPPATH\Controllers\Login.php(59): CodeIgniter\Debug\Exceptions->errorHandler(8, 'Undefined index: userpassword', 'C:\\xampp\\htdocs\\survey\\app\\Controllers\\Login.php', 59, [...])
 2 SYSTEMPATH\CodeIgniter.php(934): App\Controllers\Login->cekUser()
 3 SYSTEMPATH\CodeIgniter.php(499): CodeIgniter\CodeIgniter->runController(Object(App\Controllers\Login))
 4 SYSTEMPATH\CodeIgniter.php(368): CodeIgniter\CodeIgniter->handleRequest(null, Object(Config\Cache), false)
 5 FCPATH\index.php(67): CodeIgniter\CodeIgniter->run()
CRITICAL - 2023-05-08 10:22:14 --> Undefined index: userpassword
in APPPATH\Controllers\Login.php on line 59.
 1 APPPATH\Controllers\Login.php(59): CodeIgniter\Debug\Exceptions->errorHandler(8, 'Undefined index: userpassword', 'C:\\xampp\\htdocs\\survey\\app\\Controllers\\Login.php', 59, [...])
 2 SYSTEMPATH\CodeIgniter.php(934): App\Controllers\Login->cekUser()
 3 SYSTEMPATH\CodeIgniter.php(499): CodeIgniter\CodeIgniter->runController(Object(App\Controllers\Login))
 4 SYSTEMPATH\CodeIgniter.php(368): CodeIgniter\CodeIgniter->handleRequest(null, Object(Config\Cache), false)
 5 FCPATH\index.php(67): CodeIgniter\CodeIgniter->run()
CRITICAL - 2023-05-08 10:22:15 --> Undefined index: userpassword
in APPPATH\Controllers\Login.php on line 59.
 1 APPPATH\Controllers\Login.php(59): CodeIgniter\Debug\Exceptions->errorHandler(8, 'Undefined index: userpassword', 'C:\\xampp\\htdocs\\survey\\app\\Controllers\\Login.php', 59, [...])
 2 SYSTEMPATH\CodeIgniter.php(934): App\Controllers\Login->cekUser()
 3 SYSTEMPATH\CodeIgniter.php(499): CodeIgniter\CodeIgniter->runController(Object(App\Controllers\Login))
 4 SYSTEMPATH\CodeIgniter.php(368): CodeIgniter\CodeIgniter->handleRequest(null, Object(Config\Cache), false)
 5 FCPATH\index.php(67): CodeIgniter\CodeIgniter->run()
CRITICAL - 2023-05-08 10:25:49 --> Undefined index: userpassword
in APPPATH\Controllers\Login.php on line 59.
 1 APPPATH\Controllers\Login.php(59): CodeIgniter\Debug\Exceptions->errorHandler(8, 'Undefined index: userpassword', 'C:\\xampp\\htdocs\\survey\\app\\Controllers\\Login.php', 59, [...])
 2 SYSTEMPATH\CodeIgniter.php(934): App\Controllers\Login->cekUser()
 3 SYSTEMPATH\CodeIgniter.php(499): CodeIgniter\CodeIgniter->runController(Object(App\Controllers\Login))
 4 SYSTEMPATH\CodeIgniter.php(368): CodeIgniter\CodeIgniter->handleRequest(null, Object(Config\Cache), false)
 5 FCPATH\index.php(67): CodeIgniter\CodeIgniter->run()
CRITICAL - 2023-05-08 10:25:57 --> Undefined index: userpassword
in APPPATH\Controllers\Login.php on line 59.
 1 APPPATH\Controllers\Login.php(59): CodeIgniter\Debug\Exceptions->errorHandler(8, 'Undefined index: userpassword', 'C:\\xampp\\htdocs\\survey\\app\\Controllers\\Login.php', 59, [...])
 2 SYSTEMPATH\CodeIgniter.php(934): App\Controllers\Login->cekUser()
 3 SYSTEMPATH\CodeIgniter.php(499): CodeIgniter\CodeIgniter->runController(Object(App\Controllers\Login))
 4 SYSTEMPATH\CodeIgniter.php(368): CodeIgniter\CodeIgniter->handleRequest(null, Object(Config\Cache), false)
 5 FCPATH\index.php(67): CodeIgniter\CodeIgniter->run()
CRITICAL - 2023-05-08 10:28:39 --> Undefined index: passworduser
in APPPATH\Controllers\Login.php on line 59.
 1 APPPATH\Controllers\Login.php(59): CodeIgniter\Debug\Exceptions->errorHandler(8, 'Undefined index: passworduser', 'C:\\xampp\\htdocs\\survey\\app\\Controllers\\Login.php', 59, [...])
 2 SYSTEMPATH\CodeIgniter.php(934): App\Controllers\Login->cekUser()
 3 SYSTEMPATH\CodeIgniter.php(499): CodeIgniter\CodeIgniter->runController(Object(App\Controllers\Login))
 4 SYSTEMPATH\CodeIgniter.php(368): CodeIgniter\CodeIgniter->handleRequest(null, Object(Config\Cache), false)
 5 FCPATH\index.php(67): CodeIgniter\CodeIgniter->run()
CRITICAL - 2023-05-08 10:30:34 --> Undefined index: passworduser
in APPPATH\Controllers\Login.php on line 59.
 1 APPPATH\Controllers\Login.php(59): CodeIgniter\Debug\Exceptions->errorHandler(8, 'Undefined index: passworduser', 'C:\\xampp\\htdocs\\survey\\app\\Controllers\\Login.php', 59, [...])
 2 SYSTEMPATH\CodeIgniter.php(934): App\Controllers\Login->cekUser()
 3 SYSTEMPATH\CodeIgniter.php(499): CodeIgniter\CodeIgniter->runController(Object(App\Controllers\Login))
 4 SYSTEMPATH\CodeIgniter.php(368): CodeIgniter\CodeIgniter->handleRequest(null, Object(Config\Cache), false)
 5 FCPATH\index.php(67): CodeIgniter\CodeIgniter->run()
CRITICAL - 2023-05-08 13:33:54 --> Undefined index: passworduser
in APPPATH\Controllers\Login.php on line 59.
 1 APPPATH\Controllers\Login.php(59): CodeIgniter\Debug\Exceptions->errorHandler(8, 'Undefined index: passworduser', 'C:\\xampp\\htdocs\\survey\\app\\Controllers\\Login.php', 59, [...])
 2 SYSTEMPATH\CodeIgniter.php(934): App\Controllers\Login->cekUser()
 3 SYSTEMPATH\CodeIgniter.php(499): CodeIgniter\CodeIgniter->runController(Object(App\Controllers\Login))
 4 SYSTEMPATH\CodeIgniter.php(368): CodeIgniter\CodeIgniter->handleRequest(null, Object(Config\Cache), false)
 5 FCPATH\index.php(67): CodeIgniter\CodeIgniter->run()
CRITICAL - 2023-05-08 13:51:53 --> Invalid file: "login/index.php"
in SYSTEMPATH\Exceptions\FrameworkException.php on line 33.
 1 SYSTEMPATH\View\View.php(201): CodeIgniter\Exceptions\FrameworkException::forInvalidFile('login/index.php')
 2 SYSTEMPATH\Common.php(1184): CodeIgniter\View\View->render('login/index', [], true)
 3 APPPATH\Controllers\Login.php(12): view('login/index')
 4 SYSTEMPATH\CodeIgniter.php(934): App\Controllers\Login->index()
 5 SYSTEMPATH\CodeIgniter.php(499): CodeIgniter\CodeIgniter->runController(Object(App\Controllers\Login))
 6 SYSTEMPATH\CodeIgniter.php(368): CodeIgniter\CodeIgniter->handleRequest(null, Object(Config\Cache), false)
 7 FCPATH\index.php(67): CodeIgniter\CodeIgniter->run()
CRITICAL - 2023-05-08 13:52:24 --> Undefined index: useraktif
in APPPATH\Controllers\Login.php on line 58.
 1 APPPATH\Controllers\Login.php(58): CodeIgniter\Debug\Exceptions->errorHandler(8, 'Undefined index: useraktif', 'C:\\xampp\\htdocs\\survey\\app\\Controllers\\Login.php', 58, [...])
 2 SYSTEMPATH\CodeIgniter.php(934): App\Controllers\Login->cekUser()
 3 SYSTEMPATH\CodeIgniter.php(499): CodeIgniter\CodeIgniter->runController(Object(App\Controllers\Login))
 4 SYSTEMPATH\CodeIgniter.php(368): CodeIgniter\CodeIgniter->handleRequest(null, Object(Config\Cache), false)
 5 FCPATH\index.php(67): CodeIgniter\CodeIgniter->run()
CRITICAL - 2023-05-08 13:53:51 --> Undefined index: useraktif
in APPPATH\Controllers\Login.php on line 58.
 1 APPPATH\Controllers\Login.php(58): CodeIgniter\Debug\Exceptions->errorHandler(8, 'Undefined index: useraktif', 'C:\\xampp\\htdocs\\survey\\app\\Controllers\\Login.php', 58, [...])
 2 SYSTEMPATH\CodeIgniter.php(934): App\Controllers\Login->cekUser()
 3 SYSTEMPATH\CodeIgniter.php(499): CodeIgniter\CodeIgniter->runController(Object(App\Controllers\Login))
 4 SYSTEMPATH\CodeIgniter.php(368): CodeIgniter\CodeIgniter->handleRequest(null, Object(Config\Cache), false)
 5 FCPATH\index.php(67): CodeIgniter\CodeIgniter->run()
CRITICAL - 2023-05-08 13:53:52 --> Undefined index: useraktif
in APPPATH\Controllers\Login.php on line 58.
 1 APPPATH\Controllers\Login.php(58): CodeIgniter\Debug\Exceptions->errorHandler(8, 'Undefined index: useraktif', 'C:\\xampp\\htdocs\\survey\\app\\Controllers\\Login.php', 58, [...])
 2 SYSTEMPATH\CodeIgniter.php(934): App\Controllers\Login->cekUser()
 3 SYSTEMPATH\CodeIgniter.php(499): CodeIgniter\CodeIgniter->runController(Object(App\Controllers\Login))
 4 SYSTEMPATH\CodeIgniter.php(368): CodeIgniter\CodeIgniter->handleRequest(null, Object(Config\Cache), false)
 5 FCPATH\index.php(67): CodeIgniter\CodeIgniter->run()
CRITICAL - 2023-05-08 13:53:53 --> Undefined index: useraktif
in APPPATH\Controllers\Login.php on line 58.
 1 APPPATH\Controllers\Login.php(58): CodeIgniter\Debug\Exceptions->errorHandler(8, 'Undefined index: useraktif', 'C:\\xampp\\htdocs\\survey\\app\\Controllers\\Login.php', 58, [...])
 2 SYSTEMPATH\CodeIgniter.php(934): App\Controllers\Login->cekUser()
 3 SYSTEMPATH\CodeIgniter.php(499): CodeIgniter\CodeIgniter->runController(Object(App\Controllers\Login))
 4 SYSTEMPATH\CodeIgniter.php(368): CodeIgniter\CodeIgniter->handleRequest(null, Object(Config\Cache), false)
 5 FCPATH\index.php(67): CodeIgniter\CodeIgniter->run()
CRITICAL - 2023-05-08 14:00:01 --> Undefined index: useraktif
in APPPATH\Controllers\Login.php on line 58.
 1 APPPATH\Controllers\Login.php(58): CodeIgniter\Debug\Exceptions->errorHandler(8, 'Undefined index: useraktif', 'C:\\xampp\\htdocs\\survey\\app\\Controllers\\Login.php', 58, [...])
 2 SYSTEMPATH\CodeIgniter.php(934): App\Controllers\Login->cekUser()
 3 SYSTEMPATH\CodeIgniter.php(499): CodeIgniter\CodeIgniter->runController(Object(App\Controllers\Login))
 4 SYSTEMPATH\CodeIgniter.php(368): CodeIgniter\CodeIgniter->handleRequest(null, Object(Config\Cache), false)
 5 FCPATH\index.php(67): CodeIgniter\CodeIgniter->run()
CRITICAL - 2023-05-08 14:00:52 --> syntax error, unexpected 'public' (T_PUBLIC), expecting end of file
in APPPATH\Controllers\Login.php on line 85.
 1 SYSTEMPATH\Autoloader\Autoloader.php(289): CodeIgniter\Autoloader\Autoloader->includeFile('C:\\xampp\\htdocs\\survey\\app\\Controllers\\Login.php')
 2 SYSTEMPATH\Autoloader\Autoloader.php(267): CodeIgniter\Autoloader\Autoloader->loadInNamespace('App\\Controllers\\Login')
 3 [internal function]: CodeIgniter\Autoloader\Autoloader->loadClass('App\\Controllers\\Login')
 4 [internal function]: spl_autoload_call('App\\Controllers\\Login')
 5 SYSTEMPATH\CodeIgniter.php(892): class_exists('\\App\\Controllers\\Login', true)
 6 SYSTEMPATH\CodeIgniter.php(486): CodeIgniter\CodeIgniter->startController()
 7 SYSTEMPATH\CodeIgniter.php(368): CodeIgniter\CodeIgniter->handleRequest(null, Object(Config\Cache), false)
 8 FCPATH\index.php(67): CodeIgniter\CodeIgniter->run()
CRITICAL - 2023-05-08 14:01:54 --> Undefined index: userpassword
in APPPATH\Controllers\Login.php on line 58.
 1 APPPATH\Controllers\Login.php(58): CodeIgniter\Debug\Exceptions->errorHandler(8, 'Undefined index: userpassword', 'C:\\xampp\\htdocs\\survey\\app\\Controllers\\Login.php', 58, [...])
 2 SYSTEMPATH\CodeIgniter.php(934): App\Controllers\Login->cekUser()
 3 SYSTEMPATH\CodeIgniter.php(499): CodeIgniter\CodeIgniter->runController(Object(App\Controllers\Login))
 4 SYSTEMPATH\CodeIgniter.php(368): CodeIgniter\CodeIgniter->handleRequest(null, Object(Config\Cache), false)
 5 FCPATH\index.php(67): CodeIgniter\CodeIgniter->run()
INFO - 2023-05-08 14:33:06 --> Session: Class initialized using 'CodeIgniter\Session\Handlers\FileHandler' driver.
CRITICAL - 2023-05-08 14:33:34 --> unlink(C:\xampp\htdocs\survey\writable\debugbar/debugbar_1683530816.452000.json): No such file or directory
in SYSTEMPATH\Debug\Toolbar\Collectors\History.php on line 76.
 1 [internal function]: CodeIgniter\Debug\Exceptions->errorHandler(2, 'unlink(C:\\xampp\\htdocs\\survey\\writable\\debugbar/debugbar_1683530816.452000.json): No such file or directory', 'C:\\xampp\\htdocs\\survey\\system\\Debug\\Toolbar\\Collectors\\History.php', 76, [...])
 2 SYSTEMPATH\Debug\Toolbar\Collectors\History.php(76): unlink('C:\\xampp\\htdocs\\survey\\writable\\debugbar/debugbar_1683530816.452000.json')
 3 SYSTEMPATH\Debug\Toolbar.php(497): CodeIgniter\Debug\Toolbar\Collectors\History->setFiles('1683531213.887390', 20)
 4 SYSTEMPATH\Debug\Toolbar.php(474): CodeIgniter\Debug\Toolbar->format([...], 'html')
 5 APPPATH\Config\Events.php(46): CodeIgniter\Debug\Toolbar->respond()
 6 SYSTEMPATH\Events\Events.php(149): CodeIgniter\Events\Events::Config\{closure}()
 7 SYSTEMPATH\CodeIgniter.php(350): CodeIgniter\Events\Events::trigger('pre_system')
 8 FCPATH\index.php(67): CodeIgniter\CodeIgniter->run()
INFO - 2023-05-08 14:34:16 --> Session: Class initialized using 'CodeIgniter\Session\Handlers\FileHandler' driver.
INFO - 2023-05-08 14:34:41 --> Session: Class initialized using 'CodeIgniter\Session\Handlers\FileHandler' driver.
INFO - 2023-05-08 14:36:25 --> Session: Class initialized using 'CodeIgniter\Session\Handlers\FileHandler' driver.
CRITICAL - 2023-05-08 14:37:26 --> Undefined index: userpassword
in APPPATH\Controllers\Login.php on line 58.
 1 APPPATH\Controllers\Login.php(58): CodeIgniter\Debug\Exceptions->errorHandler(8, 'Undefined index: userpassword', 'C:\\xampp\\htdocs\\survey\\app\\Controllers\\Login.php', 58, [...])
 2 SYSTEMPATH\CodeIgniter.php(934): App\Controllers\Login->cekUser()
 3 SYSTEMPATH\CodeIgniter.php(499): CodeIgniter\CodeIgniter->runController(Object(App\Controllers\Login))
 4 SYSTEMPATH\CodeIgniter.php(368): CodeIgniter\CodeIgniter->handleRequest(null, Object(Config\Cache), false)
 5 FCPATH\index.php(67): CodeIgniter\CodeIgniter->run()
