INFO - 2023-05-11 08:11:22 --> Session: Class initialized using 'CodeIgniter\Session\Handlers\FileHandler' driver.
INFO - 2023-05-11 08:11:28 --> Session: Class initialized using 'CodeIgniter\Session\Handlers\FileHandler' driver.
INFO - 2023-05-11 08:11:49 --> Session: Class initialized using 'CodeIgniter\Session\Handlers\FileHandler' driver.
INFO - 2023-05-11 08:11:59 --> Session: Class initialized using 'CodeIgniter\Session\Handlers\FileHandler' driver.
INFO - 2023-05-11 08:21:31 --> Session: Class initialized using 'CodeIgniter\Session\Handlers\FileHandler' driver.
INFO - 2023-05-11 08:21:36 --> Session: Class initialized using 'CodeIgniter\Session\Handlers\FileHandler' driver.
INFO - 2023-05-11 08:21:41 --> Session: Class initialized using 'CodeIgniter\Session\Handlers\FileHandler' driver.
INFO - 2023-05-11 08:33:21 --> Session: Class initialized using 'CodeIgniter\Session\Handlers\FileHandler' driver.
INFO - 2023-05-11 08:33:28 --> Session: Class initialized using 'CodeIgniter\Session\Handlers\FileHandler' driver.
INFO - 2023-05-11 08:33:36 --> Session: Class initialized using 'CodeIgniter\Session\Handlers\FileHandler' driver.
INFO - 2023-05-11 08:35:15 --> Session: Class initialized using 'CodeIgniter\Session\Handlers\FileHandler' driver.
INFO - 2023-05-11 08:35:38 --> Session: Class initialized using 'CodeIgniter\Session\Handlers\FileHandler' driver.
INFO - 2023-05-11 08:35:38 --> Session: Class initialized using 'CodeIgniter\Session\Handlers\FileHandler' driver.
INFO - 2023-05-11 08:36:57 --> Session: Class initialized using 'CodeIgniter\Session\Handlers\FileHandler' driver.
INFO - 2023-05-11 08:36:57 --> Session: Class initialized using 'CodeIgniter\Session\Handlers\FileHandler' driver.
INFO - 2023-05-11 08:37:18 --> Session: Class initialized using 'CodeIgniter\Session\Handlers\FileHandler' driver.
INFO - 2023-05-11 08:37:19 --> Session: Class initialized using 'CodeIgniter\Session\Handlers\FileHandler' driver.
INFO - 2023-05-11 08:37:19 --> Session: Class initialized using 'CodeIgniter\Session\Handlers\FileHandler' driver.
INFO - 2023-05-11 08:37:20 --> Session: Class initialized using 'CodeIgniter\Session\Handlers\FileHandler' driver.
INFO - 2023-05-11 08:37:29 --> Session: Class initialized using 'CodeIgniter\Session\Handlers\FileHandler' driver.
INFO - 2023-05-11 08:37:29 --> Session: Class initialized using 'CodeIgniter\Session\Handlers\FileHandler' driver.
INFO - 2023-05-11 08:38:00 --> Session: Class initialized using 'CodeIgniter\Session\Handlers\FileHandler' driver.
INFO - 2023-05-11 08:38:02 --> Session: Class initialized using 'CodeIgniter\Session\Handlers\FileHandler' driver.
INFO - 2023-05-11 08:38:05 --> Session: Class initialized using 'CodeIgniter\Session\Handlers\FileHandler' driver.
INFO - 2023-05-11 08:38:05 --> Session: Class initialized using 'CodeIgniter\Session\Handlers\FileHandler' driver.
INFO - 2023-05-11 08:43:15 --> Session: Class initialized using 'CodeIgniter\Session\Handlers\FileHandler' driver.
INFO - 2023-05-11 08:43:23 --> Session: Class initialized using 'CodeIgniter\Session\Handlers\FileHandler' driver.
INFO - 2023-05-11 08:43:23 --> Session: Class initialized using 'CodeIgniter\Session\Handlers\FileHandler' driver.
INFO - 2023-05-11 08:43:29 --> Session: Class initialized using 'CodeIgniter\Session\Handlers\FileHandler' driver.
INFO - 2023-05-11 08:43:39 --> Session: Class initialized using 'CodeIgniter\Session\Handlers\FileHandler' driver.
INFO - 2023-05-11 08:43:39 --> Session: Class initialized using 'CodeIgniter\Session\Handlers\FileHandler' driver.
INFO - 2023-05-11 08:43:43 --> Session: Class initialized using 'CodeIgniter\Session\Handlers\FileHandler' driver.
INFO - 2023-05-11 08:43:57 --> Session: Class initialized using 'CodeIgniter\Session\Handlers\FileHandler' driver.
INFO - 2023-05-11 08:44:01 --> Session: Class initialized using 'CodeIgniter\Session\Handlers\FileHandler' driver.
INFO - 2023-05-11 08:45:52 --> Session: Class initialized using 'CodeIgniter\Session\Handlers\FileHandler' driver.
INFO - 2023-05-11 08:45:57 --> Session: Class initialized using 'CodeIgniter\Session\Handlers\FileHandler' driver.
INFO - 2023-05-11 08:45:58 --> Session: Class initialized using 'CodeIgniter\Session\Handlers\FileHandler' driver.
INFO - 2023-05-11 08:46:03 --> Session: Class initialized using 'CodeIgniter\Session\Handlers\FileHandler' driver.
INFO - 2023-05-11 08:46:03 --> Session: Class initialized using 'CodeIgniter\Session\Handlers\FileHandler' driver.
INFO - 2023-05-11 08:46:07 --> Session: Class initialized using 'CodeIgniter\Session\Handlers\FileHandler' driver.
INFO - 2023-05-11 08:46:07 --> Session: Class initialized using 'CodeIgniter\Session\Handlers\FileHandler' driver.
INFO - 2023-05-11 08:46:09 --> Session: Class initialized using 'CodeIgniter\Session\Handlers\FileHandler' driver.
INFO - 2023-05-11 08:47:29 --> Session: Class initialized using 'CodeIgniter\Session\Handlers\FileHandler' driver.
INFO - 2023-05-11 08:47:37 --> Session: Class initialized using 'CodeIgniter\Session\Handlers\FileHandler' driver.
INFO - 2023-05-11 08:47:39 --> Session: Class initialized using 'CodeIgniter\Session\Handlers\FileHandler' driver.
INFO - 2023-05-11 08:55:21 --> Session: Class initialized using 'CodeIgniter\Session\Handlers\FileHandler' driver.
INFO - 2023-05-11 08:55:26 --> Session: Class initialized using 'CodeIgniter\Session\Handlers\FileHandler' driver.
INFO - 2023-05-11 08:55:31 --> Session: Class initialized using 'CodeIgniter\Session\Handlers\FileHandler' driver.
INFO - 2023-05-11 08:55:31 --> Session: Class initialized using 'CodeIgniter\Session\Handlers\FileHandler' driver.
INFO - 2023-05-11 08:55:36 --> Session: Class initialized using 'CodeIgniter\Session\Handlers\FileHandler' driver.
INFO - 2023-05-11 08:55:46 --> Session: Class initialized using 'CodeIgniter\Session\Handlers\FileHandler' driver.
INFO - 2023-05-11 08:55:49 --> Session: Class initialized using 'CodeIgniter\Session\Handlers\FileHandler' driver.
INFO - 2023-05-11 08:55:55 --> Session: Class initialized using 'CodeIgniter\Session\Handlers\FileHandler' driver.
INFO - 2023-05-11 08:59:03 --> Session: Class initialized using 'CodeIgniter\Session\Handlers\FileHandler' driver.
INFO - 2023-05-11 08:59:03 --> Session: Class initialized using 'CodeIgniter\Session\Handlers\FileHandler' driver.
INFO - 2023-05-11 09:01:00 --> Session: Class initialized using 'CodeIgniter\Session\Handlers\FileHandler' driver.
INFO - 2023-05-11 09:01:07 --> Session: Class initialized using 'CodeIgniter\Session\Handlers\FileHandler' driver.
INFO - 2023-05-11 09:01:11 --> Session: Class initialized using 'CodeIgniter\Session\Handlers\FileHandler' driver.
INFO - 2023-05-11 09:01:11 --> Session: Class initialized using 'CodeIgniter\Session\Handlers\FileHandler' driver.
INFO - 2023-05-11 09:01:32 --> Session: Class initialized using 'CodeIgniter\Session\Handlers\FileHandler' driver.
INFO - 2023-05-11 09:01:39 --> Session: Class initialized using 'CodeIgniter\Session\Handlers\FileHandler' driver.
INFO - 2023-05-11 09:01:39 --> Session: Class initialized using 'CodeIgniter\Session\Handlers\FileHandler' driver.
INFO - 2023-05-11 09:01:42 --> Session: Class initialized using 'CodeIgniter\Session\Handlers\FileHandler' driver.
INFO - 2023-05-11 09:02:15 --> Session: Class initialized using 'CodeIgniter\Session\Handlers\FileHandler' driver.
INFO - 2023-05-11 09:03:19 --> Session: Class initialized using 'CodeIgniter\Session\Handlers\FileHandler' driver.
INFO - 2023-05-11 09:05:23 --> Session: Class initialized using 'CodeIgniter\Session\Handlers\FileHandler' driver.
INFO - 2023-05-11 09:05:23 --> Session: Class initialized using 'CodeIgniter\Session\Handlers\FileHandler' driver.
CRITICAL - 2023-05-11 09:05:23 --> Invalid file: "template.php"
in SYSTEMPATH\Exceptions\FrameworkException.php on line 33.
 1 SYSTEMPATH\View\View.php(201): CodeIgniter\Exceptions\FrameworkException::forInvalidFile('template.php')
 2 SYSTEMPATH\View\View.php(229): CodeIgniter\View\View->render('template', [], true)
 3 SYSTEMPATH\Common.php(1184): CodeIgniter\View\View->render('/admin/dashboard', [], true)
 4 APPPATH\Controllers\Admin.php(13): view('/admin/dashboard')
 5 SYSTEMPATH\CodeIgniter.php(934): App\Controllers\Admin->index()
 6 SYSTEMPATH\CodeIgniter.php(499): CodeIgniter\CodeIgniter->runController(Object(App\Controllers\Admin))
 7 SYSTEMPATH\CodeIgniter.php(368): CodeIgniter\CodeIgniter->handleRequest(null, Object(Config\Cache), false)
 8 FCPATH\index.php(67): CodeIgniter\CodeIgniter->run()
INFO - 2023-05-11 09:07:21 --> Session: Class initialized using 'CodeIgniter\Session\Handlers\FileHandler' driver.
INFO - 2023-05-11 09:08:00 --> Session: Class initialized using 'CodeIgniter\Session\Handlers\FileHandler' driver.
INFO - 2023-05-11 09:08:15 --> Session: Class initialized using 'CodeIgniter\Session\Handlers\FileHandler' driver.
INFO - 2023-05-11 09:08:46 --> Session: Class initialized using 'CodeIgniter\Session\Handlers\FileHandler' driver.
INFO - 2023-05-11 09:09:36 --> Session: Class initialized using 'CodeIgniter\Session\Handlers\FileHandler' driver.
INFO - 2023-05-11 09:10:24 --> Session: Class initialized using 'CodeIgniter\Session\Handlers\FileHandler' driver.
INFO - 2023-05-11 09:10:24 --> Session: Class initialized using 'CodeIgniter\Session\Handlers\FileHandler' driver.
INFO - 2023-05-11 09:10:37 --> Session: Class initialized using 'CodeIgniter\Session\Handlers\FileHandler' driver.
INFO - 2023-05-11 09:11:02 --> Session: Class initialized using 'CodeIgniter\Session\Handlers\FileHandler' driver.
INFO - 2023-05-11 09:11:04 --> Session: Class initialized using 'CodeIgniter\Session\Handlers\FileHandler' driver.
INFO - 2023-05-11 09:11:04 --> Session: Class initialized using 'CodeIgniter\Session\Handlers\FileHandler' driver.
INFO - 2023-05-11 09:11:24 --> Session: Class initialized using 'CodeIgniter\Session\Handlers\FileHandler' driver.
INFO - 2023-05-11 09:13:11 --> Session: Class initialized using 'CodeIgniter\Session\Handlers\FileHandler' driver.
INFO - 2023-05-11 09:14:04 --> Session: Class initialized using 'CodeIgniter\Session\Handlers\FileHandler' driver.
INFO - 2023-05-11 09:14:16 --> Session: Class initialized using 'CodeIgniter\Session\Handlers\FileHandler' driver.
INFO - 2023-05-11 09:14:48 --> Session: Class initialized using 'CodeIgniter\Session\Handlers\FileHandler' driver.
INFO - 2023-05-11 09:15:01 --> Session: Class initialized using 'CodeIgniter\Session\Handlers\FileHandler' driver.
INFO - 2023-05-11 09:15:01 --> Session: Class initialized using 'CodeIgniter\Session\Handlers\FileHandler' driver.
INFO - 2023-05-11 09:21:38 --> Session: Class initialized using 'CodeIgniter\Session\Handlers\FileHandler' driver.
INFO - 2023-05-11 09:23:04 --> Session: Class initialized using 'CodeIgniter\Session\Handlers\FileHandler' driver.
INFO - 2023-05-11 09:24:28 --> Session: Class initialized using 'CodeIgniter\Session\Handlers\FileHandler' driver.
INFO - 2023-05-11 09:25:21 --> Session: Class initialized using 'CodeIgniter\Session\Handlers\FileHandler' driver.
INFO - 2023-05-11 09:35:35 --> Session: Class initialized using 'CodeIgniter\Session\Handlers\FileHandler' driver.
INFO - 2023-05-11 09:35:37 --> Session: Class initialized using 'CodeIgniter\Session\Handlers\FileHandler' driver.
INFO - 2023-05-11 09:36:36 --> Session: Class initialized using 'CodeIgniter\Session\Handlers\FileHandler' driver.
INFO - 2023-05-11 09:36:47 --> Session: Class initialized using 'CodeIgniter\Session\Handlers\FileHandler' driver.
INFO - 2023-05-11 09:40:28 --> Session: Class initialized using 'CodeIgniter\Session\Handlers\FileHandler' driver.
INFO - 2023-05-11 09:40:55 --> Session: Class initialized using 'CodeIgniter\Session\Handlers\FileHandler' driver.
INFO - 2023-05-11 09:41:52 --> Session: Class initialized using 'CodeIgniter\Session\Handlers\FileHandler' driver.
INFO - 2023-05-11 09:42:52 --> Session: Class initialized using 'CodeIgniter\Session\Handlers\FileHandler' driver.
INFO - 2023-05-11 09:42:53 --> Session: Class initialized using 'CodeIgniter\Session\Handlers\FileHandler' driver.
INFO - 2023-05-11 09:42:54 --> Session: Class initialized using 'CodeIgniter\Session\Handlers\FileHandler' driver.
INFO - 2023-05-11 09:43:54 --> Session: Class initialized using 'CodeIgniter\Session\Handlers\FileHandler' driver.
INFO - 2023-05-11 09:43:56 --> Session: Class initialized using 'CodeIgniter\Session\Handlers\FileHandler' driver.
INFO - 2023-05-11 09:44:16 --> Session: Class initialized using 'CodeIgniter\Session\Handlers\FileHandler' driver.
INFO - 2023-05-11 09:44:17 --> Session: Class initialized using 'CodeIgniter\Session\Handlers\FileHandler' driver.
INFO - 2023-05-11 09:45:01 --> Session: Class initialized using 'CodeIgniter\Session\Handlers\FileHandler' driver.
INFO - 2023-05-11 09:57:52 --> Session: Class initialized using 'CodeIgniter\Session\Handlers\FileHandler' driver.
INFO - 2023-05-11 09:58:01 --> Session: Class initialized using 'CodeIgniter\Session\Handlers\FileHandler' driver.
INFO - 2023-05-11 10:00:30 --> Session: Class initialized using 'CodeIgniter\Session\Handlers\FileHandler' driver.
INFO - 2023-05-11 10:06:58 --> Session: Class initialized using 'CodeIgniter\Session\Handlers\FileHandler' driver.
INFO - 2023-05-11 10:07:16 --> Session: Class initialized using 'CodeIgniter\Session\Handlers\FileHandler' driver.
INFO - 2023-05-11 10:07:25 --> Session: Class initialized using 'CodeIgniter\Session\Handlers\FileHandler' driver.
INFO - 2023-05-11 10:07:52 --> Session: Class initialized using 'CodeIgniter\Session\Handlers\FileHandler' driver.
INFO - 2023-05-11 10:09:04 --> Session: Class initialized using 'CodeIgniter\Session\Handlers\FileHandler' driver.
INFO - 2023-05-11 10:09:17 --> Session: Class initialized using 'CodeIgniter\Session\Handlers\FileHandler' driver.
INFO - 2023-05-11 10:09:17 --> Session: Class initialized using 'CodeIgniter\Session\Handlers\FileHandler' driver.
INFO - 2023-05-11 10:10:46 --> Session: Class initialized using 'CodeIgniter\Session\Handlers\FileHandler' driver.
INFO - 2023-05-11 10:10:55 --> Session: Class initialized using 'CodeIgniter\Session\Handlers\FileHandler' driver.
INFO - 2023-05-11 10:10:55 --> Session: Class initialized using 'CodeIgniter\Session\Handlers\FileHandler' driver.
INFO - 2023-05-11 10:11:43 --> Session: Class initialized using 'CodeIgniter\Session\Handlers\FileHandler' driver.
INFO - 2023-05-11 10:17:53 --> Session: Class initialized using 'CodeIgniter\Session\Handlers\FileHandler' driver.
INFO - 2023-05-11 10:18:37 --> Session: Class initialized using 'CodeIgniter\Session\Handlers\FileHandler' driver.
INFO - 2023-05-11 10:18:37 --> Session: Class initialized using 'CodeIgniter\Session\Handlers\FileHandler' driver.
INFO - 2023-05-11 10:20:05 --> Session: Class initialized using 'CodeIgniter\Session\Handlers\FileHandler' driver.
INFO - 2023-05-11 10:20:16 --> Session: Class initialized using 'CodeIgniter\Session\Handlers\FileHandler' driver.
INFO - 2023-05-11 10:20:16 --> Session: Class initialized using 'CodeIgniter\Session\Handlers\FileHandler' driver.
INFO - 2023-05-11 10:21:02 --> Session: Class initialized using 'CodeIgniter\Session\Handlers\FileHandler' driver.
INFO - 2023-05-11 10:21:10 --> Session: Class initialized using 'CodeIgniter\Session\Handlers\FileHandler' driver.
INFO - 2023-05-11 10:21:10 --> Session: Class initialized using 'CodeIgniter\Session\Handlers\FileHandler' driver.
INFO - 2023-05-11 10:28:00 --> Session: Class initialized using 'CodeIgniter\Session\Handlers\FileHandler' driver.
INFO - 2023-05-11 10:35:53 --> Session: Class initialized using 'CodeIgniter\Session\Handlers\FileHandler' driver.
INFO - 2023-05-11 10:35:53 --> Session: Class initialized using 'CodeIgniter\Session\Handlers\FileHandler' driver.
CRITICAL - 2023-05-11 10:35:53 --> syntax error, unexpected ')', expecting ';' or ','
in APPPATH\Views\admin\template.php on line 202.
 1 SYSTEMPATH\View\View.php(216): CodeIgniter\View\View->CodeIgniter\View\{closure}()
 2 SYSTEMPATH\View\View.php(229): CodeIgniter\View\View->render('admin/template', [], true)
 3 SYSTEMPATH\Common.php(1184): CodeIgniter\View\View->render('/admin/dashboard', [], true)
 4 APPPATH\Controllers\Admin.php(13): view('/admin/dashboard')
 5 SYSTEMPATH\CodeIgniter.php(934): App\Controllers\Admin->index()
 6 SYSTEMPATH\CodeIgniter.php(499): CodeIgniter\CodeIgniter->runController(Object(App\Controllers\Admin))
 7 SYSTEMPATH\CodeIgniter.php(368): CodeIgniter\CodeIgniter->handleRequest(null, Object(Config\Cache), false)
 8 FCPATH\index.php(67): CodeIgniter\CodeIgniter->run()
INFO - 2023-05-11 10:37:33 --> Session: Class initialized using 'CodeIgniter\Session\Handlers\FileHandler' driver.
CRITICAL - 2023-05-11 10:37:33 --> syntax error, unexpected ')', expecting ';' or ','
in APPPATH\Views\admin\template.php on line 202.
 1 SYSTEMPATH\View\View.php(216): CodeIgniter\View\View->CodeIgniter\View\{closure}()
 2 SYSTEMPATH\View\View.php(229): CodeIgniter\View\View->render('admin/template', [], true)
 3 SYSTEMPATH\Common.php(1184): CodeIgniter\View\View->render('/admin/dashboard', [], true)
 4 APPPATH\Controllers\Admin.php(13): view('/admin/dashboard')
 5 SYSTEMPATH\CodeIgniter.php(934): App\Controllers\Admin->index()
 6 SYSTEMPATH\CodeIgniter.php(499): CodeIgniter\CodeIgniter->runController(Object(App\Controllers\Admin))
 7 SYSTEMPATH\CodeIgniter.php(368): CodeIgniter\CodeIgniter->handleRequest(null, Object(Config\Cache), false)
 8 FCPATH\index.php(67): CodeIgniter\CodeIgniter->run()
INFO - 2023-05-11 10:37:36 --> Session: Class initialized using 'CodeIgniter\Session\Handlers\FileHandler' driver.
CRITICAL - 2023-05-11 10:37:36 --> syntax error, unexpected ')', expecting ';' or ','
in APPPATH\Views\admin\template.php on line 202.
 1 SYSTEMPATH\View\View.php(216): CodeIgniter\View\View->CodeIgniter\View\{closure}()
 2 SYSTEMPATH\View\View.php(229): CodeIgniter\View\View->render('admin/template', [], true)
 3 SYSTEMPATH\Common.php(1184): CodeIgniter\View\View->render('/admin/dashboard', [], true)
 4 APPPATH\Controllers\Admin.php(13): view('/admin/dashboard')
 5 SYSTEMPATH\CodeIgniter.php(934): App\Controllers\Admin->index()
 6 SYSTEMPATH\CodeIgniter.php(499): CodeIgniter\CodeIgniter->runController(Object(App\Controllers\Admin))
 7 SYSTEMPATH\CodeIgniter.php(368): CodeIgniter\CodeIgniter->handleRequest(null, Object(Config\Cache), false)
 8 FCPATH\index.php(67): CodeIgniter\CodeIgniter->run()
INFO - 2023-05-11 10:37:57 --> Session: Class initialized using 'CodeIgniter\Session\Handlers\FileHandler' driver.
CRITICAL - 2023-05-11 10:37:57 --> syntax error, unexpected 'endforeach' (T_ENDFOREACH), expecting end of file
in APPPATH\Views\admin\template.php on line 218.
 1 SYSTEMPATH\View\View.php(216): CodeIgniter\View\View->CodeIgniter\View\{closure}()
 2 SYSTEMPATH\View\View.php(229): CodeIgniter\View\View->render('admin/template', [], true)
 3 SYSTEMPATH\Common.php(1184): CodeIgniter\View\View->render('/admin/dashboard', [], true)
 4 APPPATH\Controllers\Admin.php(13): view('/admin/dashboard')
 5 SYSTEMPATH\CodeIgniter.php(934): App\Controllers\Admin->index()
 6 SYSTEMPATH\CodeIgniter.php(499): CodeIgniter\CodeIgniter->runController(Object(App\Controllers\Admin))
 7 SYSTEMPATH\CodeIgniter.php(368): CodeIgniter\CodeIgniter->handleRequest(null, Object(Config\Cache), false)
 8 FCPATH\index.php(67): CodeIgniter\CodeIgniter->run()
INFO - 2023-05-11 10:38:16 --> Session: Class initialized using 'CodeIgniter\Session\Handlers\FileHandler' driver.
CRITICAL - 2023-05-11 10:38:16 --> Undefined variable: row
in APPPATH\Views\admin\template.php on line 198.
 1 APPPATH\Views\admin\template.php(198): CodeIgniter\Debug\Exceptions->errorHandler(8, 'Undefined variable: row', 'C:\\xampp\\htdocs\\survey\\app\\Views\\admin\\template.php', 198, [...])
 2 SYSTEMPATH\View\View.php(213): include('C:\\xampp\\htdocs\\survey\\app\\Views\\admin\\template.php')
 3 SYSTEMPATH\View\View.php(216): CodeIgniter\View\View->CodeIgniter\View\{closure}()
 4 SYSTEMPATH\View\View.php(229): CodeIgniter\View\View->render('admin/template', [], true)
 5 SYSTEMPATH\Common.php(1184): CodeIgniter\View\View->render('/admin/dashboard', [], true)
 6 APPPATH\Controllers\Admin.php(13): view('/admin/dashboard')
 7 SYSTEMPATH\CodeIgniter.php(934): App\Controllers\Admin->index()
 8 SYSTEMPATH\CodeIgniter.php(499): CodeIgniter\CodeIgniter->runController(Object(App\Controllers\Admin))
 9 SYSTEMPATH\CodeIgniter.php(368): CodeIgniter\CodeIgniter->handleRequest(null, Object(Config\Cache), false)
10 FCPATH\index.php(67): CodeIgniter\CodeIgniter->run()
INFO - 2023-05-11 10:39:20 --> Session: Class initialized using 'CodeIgniter\Session\Handlers\FileHandler' driver.
CRITICAL - 2023-05-11 10:39:20 --> Undefined variable: layanan
in APPPATH\Views\admin\template.php on line 198.
 1 APPPATH\Views\admin\template.php(198): CodeIgniter\Debug\Exceptions->errorHandler(8, 'Undefined variable: layanan', 'C:\\xampp\\htdocs\\survey\\app\\Views\\admin\\template.php', 198, [...])
 2 SYSTEMPATH\View\View.php(213): include('C:\\xampp\\htdocs\\survey\\app\\Views\\admin\\template.php')
 3 SYSTEMPATH\View\View.php(216): CodeIgniter\View\View->CodeIgniter\View\{closure}()
 4 SYSTEMPATH\View\View.php(229): CodeIgniter\View\View->render('admin/template', [], true)
 5 SYSTEMPATH\Common.php(1184): CodeIgniter\View\View->render('/admin/dashboard', [], true)
 6 APPPATH\Controllers\Admin.php(13): view('/admin/dashboard')
 7 SYSTEMPATH\CodeIgniter.php(934): App\Controllers\Admin->index()
 8 SYSTEMPATH\CodeIgniter.php(499): CodeIgniter\CodeIgniter->runController(Object(App\Controllers\Admin))
 9 SYSTEMPATH\CodeIgniter.php(368): CodeIgniter\CodeIgniter->handleRequest(null, Object(Config\Cache), false)
10 FCPATH\index.php(67): CodeIgniter\CodeIgniter->run()
INFO - 2023-05-11 10:39:30 --> Session: Class initialized using 'CodeIgniter\Session\Handlers\FileHandler' driver.
CRITICAL - 2023-05-11 10:39:30 --> Undefined variable: layanan
in APPPATH\Views\admin\template.php on line 198.
 1 APPPATH\Views\admin\template.php(198): CodeIgniter\Debug\Exceptions->errorHandler(8, 'Undefined variable: layanan', 'C:\\xampp\\htdocs\\survey\\app\\Views\\admin\\template.php', 198, [...])
 2 SYSTEMPATH\View\View.php(213): include('C:\\xampp\\htdocs\\survey\\app\\Views\\admin\\template.php')
 3 SYSTEMPATH\View\View.php(216): CodeIgniter\View\View->CodeIgniter\View\{closure}()
 4 SYSTEMPATH\View\View.php(229): CodeIgniter\View\View->render('admin/template', [], true)
 5 SYSTEMPATH\Common.php(1184): CodeIgniter\View\View->render('/admin/dashboard', [], true)
 6 APPPATH\Controllers\Admin.php(13): view('/admin/dashboard')
 7 SYSTEMPATH\CodeIgniter.php(934): App\Controllers\Admin->index()
 8 SYSTEMPATH\CodeIgniter.php(499): CodeIgniter\CodeIgniter->runController(Object(App\Controllers\Admin))
 9 SYSTEMPATH\CodeIgniter.php(368): CodeIgniter\CodeIgniter->handleRequest(null, Object(Config\Cache), false)
10 FCPATH\index.php(67): CodeIgniter\CodeIgniter->run()
INFO - 2023-05-11 10:39:36 --> Session: Class initialized using 'CodeIgniter\Session\Handlers\FileHandler' driver.
CRITICAL - 2023-05-11 10:39:36 --> Undefined variable: row
in APPPATH\Views\admin\template.php on line 198.
 1 APPPATH\Views\admin\template.php(198): CodeIgniter\Debug\Exceptions->errorHandler(8, 'Undefined variable: row', 'C:\\xampp\\htdocs\\survey\\app\\Views\\admin\\template.php', 198, [...])
 2 SYSTEMPATH\View\View.php(213): include('C:\\xampp\\htdocs\\survey\\app\\Views\\admin\\template.php')
 3 SYSTEMPATH\View\View.php(216): CodeIgniter\View\View->CodeIgniter\View\{closure}()
 4 SYSTEMPATH\View\View.php(229): CodeIgniter\View\View->render('admin/template', [], true)
 5 SYSTEMPATH\Common.php(1184): CodeIgniter\View\View->render('/admin/dashboard', [], true)
 6 APPPATH\Controllers\Admin.php(13): view('/admin/dashboard')
 7 SYSTEMPATH\CodeIgniter.php(934): App\Controllers\Admin->index()
 8 SYSTEMPATH\CodeIgniter.php(499): CodeIgniter\CodeIgniter->runController(Object(App\Controllers\Admin))
 9 SYSTEMPATH\CodeIgniter.php(368): CodeIgniter\CodeIgniter->handleRequest(null, Object(Config\Cache), false)
10 FCPATH\index.php(67): CodeIgniter\CodeIgniter->run()
INFO - 2023-05-11 10:39:40 --> Session: Class initialized using 'CodeIgniter\Session\Handlers\FileHandler' driver.
CRITICAL - 2023-05-11 10:39:40 --> Undefined variable: row
in APPPATH\Views\admin\template.php on line 198.
 1 APPPATH\Views\admin\template.php(198): CodeIgniter\Debug\Exceptions->errorHandler(8, 'Undefined variable: row', 'C:\\xampp\\htdocs\\survey\\app\\Views\\admin\\template.php', 198, [...])
 2 SYSTEMPATH\View\View.php(213): include('C:\\xampp\\htdocs\\survey\\app\\Views\\admin\\template.php')
 3 SYSTEMPATH\View\View.php(216): CodeIgniter\View\View->CodeIgniter\View\{closure}()
 4 SYSTEMPATH\View\View.php(229): CodeIgniter\View\View->render('admin/template', [], true)
 5 SYSTEMPATH\Common.php(1184): CodeIgniter\View\View->render('/admin/dashboard', [], true)
 6 APPPATH\Controllers\Admin.php(13): view('/admin/dashboard')
 7 SYSTEMPATH\CodeIgniter.php(934): App\Controllers\Admin->index()
 8 SYSTEMPATH\CodeIgniter.php(499): CodeIgniter\CodeIgniter->runController(Object(App\Controllers\Admin))
 9 SYSTEMPATH\CodeIgniter.php(368): CodeIgniter\CodeIgniter->handleRequest(null, Object(Config\Cache), false)
10 FCPATH\index.php(67): CodeIgniter\CodeIgniter->run()
INFO - 2023-05-11 10:39:41 --> Session: Class initialized using 'CodeIgniter\Session\Handlers\FileHandler' driver.
CRITICAL - 2023-05-11 10:39:41 --> Undefined variable: row
in APPPATH\Views\admin\template.php on line 198.
 1 APPPATH\Views\admin\template.php(198): CodeIgniter\Debug\Exceptions->errorHandler(8, 'Undefined variable: row', 'C:\\xampp\\htdocs\\survey\\app\\Views\\admin\\template.php', 198, [...])
 2 SYSTEMPATH\View\View.php(213): include('C:\\xampp\\htdocs\\survey\\app\\Views\\admin\\template.php')
 3 SYSTEMPATH\View\View.php(216): CodeIgniter\View\View->CodeIgniter\View\{closure}()
 4 SYSTEMPATH\View\View.php(229): CodeIgniter\View\View->render('admin/template', [], true)
 5 SYSTEMPATH\Common.php(1184): CodeIgniter\View\View->render('/admin/dashboard', [], true)
 6 APPPATH\Controllers\Admin.php(13): view('/admin/dashboard')
 7 SYSTEMPATH\CodeIgniter.php(934): App\Controllers\Admin->index()
 8 SYSTEMPATH\CodeIgniter.php(499): CodeIgniter\CodeIgniter->runController(Object(App\Controllers\Admin))
 9 SYSTEMPATH\CodeIgniter.php(368): CodeIgniter\CodeIgniter->handleRequest(null, Object(Config\Cache), false)
10 FCPATH\index.php(67): CodeIgniter\CodeIgniter->run()
INFO - 2023-05-11 10:39:46 --> Session: Class initialized using 'CodeIgniter\Session\Handlers\FileHandler' driver.
CRITICAL - 2023-05-11 10:39:46 --> Undefined variable: row
in APPPATH\Views\admin\template.php on line 198.
 1 APPPATH\Views\admin\template.php(198): CodeIgniter\Debug\Exceptions->errorHandler(8, 'Undefined variable: row', 'C:\\xampp\\htdocs\\survey\\app\\Views\\admin\\template.php', 198, [...])
 2 SYSTEMPATH\View\View.php(213): include('C:\\xampp\\htdocs\\survey\\app\\Views\\admin\\template.php')
 3 SYSTEMPATH\View\View.php(216): CodeIgniter\View\View->CodeIgniter\View\{closure}()
 4 SYSTEMPATH\View\View.php(229): CodeIgniter\View\View->render('admin/template', [], true)
 5 SYSTEMPATH\Common.php(1184): CodeIgniter\View\View->render('/admin/dashboard', [], true)
 6 APPPATH\Controllers\Admin.php(13): view('/admin/dashboard')
 7 SYSTEMPATH\CodeIgniter.php(934): App\Controllers\Admin->index()
 8 SYSTEMPATH\CodeIgniter.php(499): CodeIgniter\CodeIgniter->runController(Object(App\Controllers\Admin))
 9 SYSTEMPATH\CodeIgniter.php(368): CodeIgniter\CodeIgniter->handleRequest(null, Object(Config\Cache), false)
10 FCPATH\index.php(67): CodeIgniter\CodeIgniter->run()
INFO - 2023-05-11 10:44:13 --> Session: Class initialized using 'CodeIgniter\Session\Handlers\FileHandler' driver.
CRITICAL - 2023-05-11 10:44:13 --> Undefined variable: row
in APPPATH\Views\admin\template.php on line 171.
 1 APPPATH\Views\admin\template.php(171): CodeIgniter\Debug\Exceptions->errorHandler(8, 'Undefined variable: row', 'C:\\xampp\\htdocs\\survey\\app\\Views\\admin\\template.php', 171, [...])
 2 SYSTEMPATH\View\View.php(213): include('C:\\xampp\\htdocs\\survey\\app\\Views\\admin\\template.php')
 3 SYSTEMPATH\View\View.php(216): CodeIgniter\View\View->CodeIgniter\View\{closure}()
 4 SYSTEMPATH\View\View.php(229): CodeIgniter\View\View->render('admin/template', [], true)
 5 SYSTEMPATH\Common.php(1184): CodeIgniter\View\View->render('/admin/dashboard', [], true)
 6 APPPATH\Controllers\Admin.php(13): view('/admin/dashboard')
 7 SYSTEMPATH\CodeIgniter.php(934): App\Controllers\Admin->index()
 8 SYSTEMPATH\CodeIgniter.php(499): CodeIgniter\CodeIgniter->runController(Object(App\Controllers\Admin))
 9 SYSTEMPATH\CodeIgniter.php(368): CodeIgniter\CodeIgniter->handleRequest(null, Object(Config\Cache), false)
10 FCPATH\index.php(67): CodeIgniter\CodeIgniter->run()
INFO - 2023-05-11 10:46:44 --> Session: Class initialized using 'CodeIgniter\Session\Handlers\FileHandler' driver.
INFO - 2023-05-11 10:46:51 --> Session: Class initialized using 'CodeIgniter\Session\Handlers\FileHandler' driver.
INFO - 2023-05-11 10:46:51 --> Session: Class initialized using 'CodeIgniter\Session\Handlers\FileHandler' driver.
CRITICAL - 2023-05-11 10:46:51 --> Undefined variable: row
in APPPATH\Views\admin\template.php on line 171.
 1 APPPATH\Views\admin\template.php(171): CodeIgniter\Debug\Exceptions->errorHandler(8, 'Undefined variable: row', 'C:\\xampp\\htdocs\\survey\\app\\Views\\admin\\template.php', 171, [...])
 2 SYSTEMPATH\View\View.php(213): include('C:\\xampp\\htdocs\\survey\\app\\Views\\admin\\template.php')
 3 SYSTEMPATH\View\View.php(216): CodeIgniter\View\View->CodeIgniter\View\{closure}()
 4 SYSTEMPATH\View\View.php(229): CodeIgniter\View\View->render('admin/template', [], true)
 5 SYSTEMPATH\Common.php(1184): CodeIgniter\View\View->render('/admin/dashboard', [], true)
 6 APPPATH\Controllers\Admin.php(13): view('/admin/dashboard')
 7 SYSTEMPATH\CodeIgniter.php(934): App\Controllers\Admin->index()
 8 SYSTEMPATH\CodeIgniter.php(499): CodeIgniter\CodeIgniter->runController(Object(App\Controllers\Admin))
 9 SYSTEMPATH\CodeIgniter.php(368): CodeIgniter\CodeIgniter->handleRequest(null, Object(Config\Cache), false)
10 FCPATH\index.php(67): CodeIgniter\CodeIgniter->run()
INFO - 2023-05-11 10:48:52 --> Session: Class initialized using 'CodeIgniter\Session\Handlers\FileHandler' driver.
CRITICAL - 2023-05-11 10:48:52 --> Undefined variable: row
in APPPATH\Views\admin\template.php on line 171.
 1 APPPATH\Views\admin\template.php(171): CodeIgniter\Debug\Exceptions->errorHandler(8, 'Undefined variable: row', 'C:\\xampp\\htdocs\\survey\\app\\Views\\admin\\template.php', 171, [...])
 2 SYSTEMPATH\View\View.php(213): include('C:\\xampp\\htdocs\\survey\\app\\Views\\admin\\template.php')
 3 SYSTEMPATH\View\View.php(216): CodeIgniter\View\View->CodeIgniter\View\{closure}()
 4 SYSTEMPATH\View\View.php(229): CodeIgniter\View\View->render('admin/template', [], true)
 5 SYSTEMPATH\Common.php(1184): CodeIgniter\View\View->render('/admin/dashboard', [], true)
 6 APPPATH\Controllers\Admin.php(13): view('/admin/dashboard')
 7 SYSTEMPATH\CodeIgniter.php(934): App\Controllers\Admin->index()
 8 SYSTEMPATH\CodeIgniter.php(499): CodeIgniter\CodeIgniter->runController(Object(App\Controllers\Admin))
 9 SYSTEMPATH\CodeIgniter.php(368): CodeIgniter\CodeIgniter->handleRequest(null, Object(Config\Cache), false)
10 FCPATH\index.php(67): CodeIgniter\CodeIgniter->run()
INFO - 2023-05-11 10:48:55 --> Session: Class initialized using 'CodeIgniter\Session\Handlers\FileHandler' driver.
CRITICAL - 2023-05-11 10:48:55 --> Undefined variable: row
in APPPATH\Views\admin\template.php on line 171.
 1 APPPATH\Views\admin\template.php(171): CodeIgniter\Debug\Exceptions->errorHandler(8, 'Undefined variable: row', 'C:\\xampp\\htdocs\\survey\\app\\Views\\admin\\template.php', 171, [...])
 2 SYSTEMPATH\View\View.php(213): include('C:\\xampp\\htdocs\\survey\\app\\Views\\admin\\template.php')
 3 SYSTEMPATH\View\View.php(216): CodeIgniter\View\View->CodeIgniter\View\{closure}()
 4 SYSTEMPATH\View\View.php(229): CodeIgniter\View\View->render('admin/template', [], true)
 5 SYSTEMPATH\Common.php(1184): CodeIgniter\View\View->render('/admin/dashboard', [], true)
 6 APPPATH\Controllers\Admin.php(13): view('/admin/dashboard')
 7 SYSTEMPATH\CodeIgniter.php(934): App\Controllers\Admin->index()
 8 SYSTEMPATH\CodeIgniter.php(499): CodeIgniter\CodeIgniter->runController(Object(App\Controllers\Admin))
 9 SYSTEMPATH\CodeIgniter.php(368): CodeIgniter\CodeIgniter->handleRequest(null, Object(Config\Cache), false)
10 FCPATH\index.php(67): CodeIgniter\CodeIgniter->run()
INFO - 2023-05-11 10:48:56 --> Session: Class initialized using 'CodeIgniter\Session\Handlers\FileHandler' driver.
CRITICAL - 2023-05-11 10:48:56 --> Undefined variable: row
in APPPATH\Views\admin\template.php on line 171.
 1 APPPATH\Views\admin\template.php(171): CodeIgniter\Debug\Exceptions->errorHandler(8, 'Undefined variable: row', 'C:\\xampp\\htdocs\\survey\\app\\Views\\admin\\template.php', 171, [...])
 2 SYSTEMPATH\View\View.php(213): include('C:\\xampp\\htdocs\\survey\\app\\Views\\admin\\template.php')
 3 SYSTEMPATH\View\View.php(216): CodeIgniter\View\View->CodeIgniter\View\{closure}()
 4 SYSTEMPATH\View\View.php(229): CodeIgniter\View\View->render('admin/template', [], true)
 5 SYSTEMPATH\Common.php(1184): CodeIgniter\View\View->render('/admin/dashboard', [], true)
 6 APPPATH\Controllers\Admin.php(13): view('/admin/dashboard')
 7 SYSTEMPATH\CodeIgniter.php(934): App\Controllers\Admin->index()
 8 SYSTEMPATH\CodeIgniter.php(499): CodeIgniter\CodeIgniter->runController(Object(App\Controllers\Admin))
 9 SYSTEMPATH\CodeIgniter.php(368): CodeIgniter\CodeIgniter->handleRequest(null, Object(Config\Cache), false)
10 FCPATH\index.php(67): CodeIgniter\CodeIgniter->run()
INFO - 2023-05-11 10:48:58 --> Session: Class initialized using 'CodeIgniter\Session\Handlers\FileHandler' driver.
CRITICAL - 2023-05-11 10:48:58 --> Undefined variable: row
in APPPATH\Views\admin\template.php on line 171.
 1 APPPATH\Views\admin\template.php(171): CodeIgniter\Debug\Exceptions->errorHandler(8, 'Undefined variable: row', 'C:\\xampp\\htdocs\\survey\\app\\Views\\admin\\template.php', 171, [...])
 2 SYSTEMPATH\View\View.php(213): include('C:\\xampp\\htdocs\\survey\\app\\Views\\admin\\template.php')
 3 SYSTEMPATH\View\View.php(216): CodeIgniter\View\View->CodeIgniter\View\{closure}()
 4 SYSTEMPATH\View\View.php(229): CodeIgniter\View\View->render('admin/template', [], true)
 5 SYSTEMPATH\Common.php(1184): CodeIgniter\View\View->render('/admin/dashboard', [], true)
 6 APPPATH\Controllers\Admin.php(13): view('/admin/dashboard')
 7 SYSTEMPATH\CodeIgniter.php(934): App\Controllers\Admin->index()
 8 SYSTEMPATH\CodeIgniter.php(499): CodeIgniter\CodeIgniter->runController(Object(App\Controllers\Admin))
 9 SYSTEMPATH\CodeIgniter.php(368): CodeIgniter\CodeIgniter->handleRequest(null, Object(Config\Cache), false)
10 FCPATH\index.php(67): CodeIgniter\CodeIgniter->run()
INFO - 2023-05-11 10:49:19 --> Session: Class initialized using 'CodeIgniter\Session\Handlers\FileHandler' driver.
CRITICAL - 2023-05-11 10:49:19 --> Undefined variable: row
in APPPATH\Views\admin\template.php on line 171.
 1 APPPATH\Views\admin\template.php(171): CodeIgniter\Debug\Exceptions->errorHandler(8, 'Undefined variable: row', 'C:\\xampp\\htdocs\\survey\\app\\Views\\admin\\template.php', 171, [...])
 2 SYSTEMPATH\View\View.php(213): include('C:\\xampp\\htdocs\\survey\\app\\Views\\admin\\template.php')
 3 SYSTEMPATH\View\View.php(216): CodeIgniter\View\View->CodeIgniter\View\{closure}()
 4 SYSTEMPATH\View\View.php(229): CodeIgniter\View\View->render('admin/template', [], true)
 5 SYSTEMPATH\Common.php(1184): CodeIgniter\View\View->render('/admin/dashboard', [], true)
 6 APPPATH\Controllers\Admin.php(13): view('/admin/dashboard')
 7 SYSTEMPATH\CodeIgniter.php(934): App\Controllers\Admin->index()
 8 SYSTEMPATH\CodeIgniter.php(499): CodeIgniter\CodeIgniter->runController(Object(App\Controllers\Admin))
 9 SYSTEMPATH\CodeIgniter.php(368): CodeIgniter\CodeIgniter->handleRequest(null, Object(Config\Cache), false)
10 FCPATH\index.php(67): CodeIgniter\CodeIgniter->run()
INFO - 2023-05-11 10:49:20 --> Session: Class initialized using 'CodeIgniter\Session\Handlers\FileHandler' driver.
CRITICAL - 2023-05-11 10:49:20 --> Undefined variable: row
in APPPATH\Views\admin\template.php on line 171.
 1 APPPATH\Views\admin\template.php(171): CodeIgniter\Debug\Exceptions->errorHandler(8, 'Undefined variable: row', 'C:\\xampp\\htdocs\\survey\\app\\Views\\admin\\template.php', 171, [...])
 2 SYSTEMPATH\View\View.php(213): include('C:\\xampp\\htdocs\\survey\\app\\Views\\admin\\template.php')
 3 SYSTEMPATH\View\View.php(216): CodeIgniter\View\View->CodeIgniter\View\{closure}()
 4 SYSTEMPATH\View\View.php(229): CodeIgniter\View\View->render('admin/template', [], true)
 5 SYSTEMPATH\Common.php(1184): CodeIgniter\View\View->render('/admin/dashboard', [], true)
 6 APPPATH\Controllers\Admin.php(13): view('/admin/dashboard')
 7 SYSTEMPATH\CodeIgniter.php(934): App\Controllers\Admin->index()
 8 SYSTEMPATH\CodeIgniter.php(499): CodeIgniter\CodeIgniter->runController(Object(App\Controllers\Admin))
 9 SYSTEMPATH\CodeIgniter.php(368): CodeIgniter\CodeIgniter->handleRequest(null, Object(Config\Cache), false)
10 FCPATH\index.php(67): CodeIgniter\CodeIgniter->run()
INFO - 2023-05-11 10:49:21 --> Session: Class initialized using 'CodeIgniter\Session\Handlers\FileHandler' driver.
CRITICAL - 2023-05-11 10:49:21 --> Undefined variable: row
in APPPATH\Views\admin\template.php on line 171.
 1 APPPATH\Views\admin\template.php(171): CodeIgniter\Debug\Exceptions->errorHandler(8, 'Undefined variable: row', 'C:\\xampp\\htdocs\\survey\\app\\Views\\admin\\template.php', 171, [...])
 2 SYSTEMPATH\View\View.php(213): include('C:\\xampp\\htdocs\\survey\\app\\Views\\admin\\template.php')
 3 SYSTEMPATH\View\View.php(216): CodeIgniter\View\View->CodeIgniter\View\{closure}()
 4 SYSTEMPATH\View\View.php(229): CodeIgniter\View\View->render('admin/template', [], true)
 5 SYSTEMPATH\Common.php(1184): CodeIgniter\View\View->render('/admin/dashboard', [], true)
 6 APPPATH\Controllers\Admin.php(13): view('/admin/dashboard')
 7 SYSTEMPATH\CodeIgniter.php(934): App\Controllers\Admin->index()
 8 SYSTEMPATH\CodeIgniter.php(499): CodeIgniter\CodeIgniter->runController(Object(App\Controllers\Admin))
 9 SYSTEMPATH\CodeIgniter.php(368): CodeIgniter\CodeIgniter->handleRequest(null, Object(Config\Cache), false)
10 FCPATH\index.php(67): CodeIgniter\CodeIgniter->run()
INFO - 2023-05-11 10:49:22 --> Session: Class initialized using 'CodeIgniter\Session\Handlers\FileHandler' driver.
CRITICAL - 2023-05-11 10:49:22 --> Undefined variable: row
in APPPATH\Views\admin\template.php on line 171.
 1 APPPATH\Views\admin\template.php(171): CodeIgniter\Debug\Exceptions->errorHandler(8, 'Undefined variable: row', 'C:\\xampp\\htdocs\\survey\\app\\Views\\admin\\template.php', 171, [...])
 2 SYSTEMPATH\View\View.php(213): include('C:\\xampp\\htdocs\\survey\\app\\Views\\admin\\template.php')
 3 SYSTEMPATH\View\View.php(216): CodeIgniter\View\View->CodeIgniter\View\{closure}()
 4 SYSTEMPATH\View\View.php(229): CodeIgniter\View\View->render('admin/template', [], true)
 5 SYSTEMPATH\Common.php(1184): CodeIgniter\View\View->render('/admin/dashboard', [], true)
 6 APPPATH\Controllers\Admin.php(13): view('/admin/dashboard')
 7 SYSTEMPATH\CodeIgniter.php(934): App\Controllers\Admin->index()
 8 SYSTEMPATH\CodeIgniter.php(499): CodeIgniter\CodeIgniter->runController(Object(App\Controllers\Admin))
 9 SYSTEMPATH\CodeIgniter.php(368): CodeIgniter\CodeIgniter->handleRequest(null, Object(Config\Cache), false)
10 FCPATH\index.php(67): CodeIgniter\CodeIgniter->run()
INFO - 2023-05-11 10:49:22 --> Session: Class initialized using 'CodeIgniter\Session\Handlers\FileHandler' driver.
CRITICAL - 2023-05-11 10:49:22 --> Undefined variable: row
in APPPATH\Views\admin\template.php on line 171.
 1 APPPATH\Views\admin\template.php(171): CodeIgniter\Debug\Exceptions->errorHandler(8, 'Undefined variable: row', 'C:\\xampp\\htdocs\\survey\\app\\Views\\admin\\template.php', 171, [...])
 2 SYSTEMPATH\View\View.php(213): include('C:\\xampp\\htdocs\\survey\\app\\Views\\admin\\template.php')
 3 SYSTEMPATH\View\View.php(216): CodeIgniter\View\View->CodeIgniter\View\{closure}()
 4 SYSTEMPATH\View\View.php(229): CodeIgniter\View\View->render('admin/template', [], true)
 5 SYSTEMPATH\Common.php(1184): CodeIgniter\View\View->render('/admin/dashboard', [], true)
 6 APPPATH\Controllers\Admin.php(13): view('/admin/dashboard')
 7 SYSTEMPATH\CodeIgniter.php(934): App\Controllers\Admin->index()
 8 SYSTEMPATH\CodeIgniter.php(499): CodeIgniter\CodeIgniter->runController(Object(App\Controllers\Admin))
 9 SYSTEMPATH\CodeIgniter.php(368): CodeIgniter\CodeIgniter->handleRequest(null, Object(Config\Cache), false)
10 FCPATH\index.php(67): CodeIgniter\CodeIgniter->run()
INFO - 2023-05-11 10:49:23 --> Session: Class initialized using 'CodeIgniter\Session\Handlers\FileHandler' driver.
CRITICAL - 2023-05-11 10:49:23 --> Undefined variable: row
in APPPATH\Views\admin\template.php on line 171.
 1 APPPATH\Views\admin\template.php(171): CodeIgniter\Debug\Exceptions->errorHandler(8, 'Undefined variable: row', 'C:\\xampp\\htdocs\\survey\\app\\Views\\admin\\template.php', 171, [...])
 2 SYSTEMPATH\View\View.php(213): include('C:\\xampp\\htdocs\\survey\\app\\Views\\admin\\template.php')
 3 SYSTEMPATH\View\View.php(216): CodeIgniter\View\View->CodeIgniter\View\{closure}()
 4 SYSTEMPATH\View\View.php(229): CodeIgniter\View\View->render('admin/template', [], true)
 5 SYSTEMPATH\Common.php(1184): CodeIgniter\View\View->render('/admin/dashboard', [], true)
 6 APPPATH\Controllers\Admin.php(13): view('/admin/dashboard')
 7 SYSTEMPATH\CodeIgniter.php(934): App\Controllers\Admin->index()
 8 SYSTEMPATH\CodeIgniter.php(499): CodeIgniter\CodeIgniter->runController(Object(App\Controllers\Admin))
 9 SYSTEMPATH\CodeIgniter.php(368): CodeIgniter\CodeIgniter->handleRequest(null, Object(Config\Cache), false)
10 FCPATH\index.php(67): CodeIgniter\CodeIgniter->run()
INFO - 2023-05-11 10:49:23 --> Session: Class initialized using 'CodeIgniter\Session\Handlers\FileHandler' driver.
CRITICAL - 2023-05-11 10:49:23 --> Undefined variable: row
in APPPATH\Views\admin\template.php on line 171.
 1 APPPATH\Views\admin\template.php(171): CodeIgniter\Debug\Exceptions->errorHandler(8, 'Undefined variable: row', 'C:\\xampp\\htdocs\\survey\\app\\Views\\admin\\template.php', 171, [...])
 2 SYSTEMPATH\View\View.php(213): include('C:\\xampp\\htdocs\\survey\\app\\Views\\admin\\template.php')
 3 SYSTEMPATH\View\View.php(216): CodeIgniter\View\View->CodeIgniter\View\{closure}()
 4 SYSTEMPATH\View\View.php(229): CodeIgniter\View\View->render('admin/template', [], true)
 5 SYSTEMPATH\Common.php(1184): CodeIgniter\View\View->render('/admin/dashboard', [], true)
 6 APPPATH\Controllers\Admin.php(13): view('/admin/dashboard')
 7 SYSTEMPATH\CodeIgniter.php(934): App\Controllers\Admin->index()
 8 SYSTEMPATH\CodeIgniter.php(499): CodeIgniter\CodeIgniter->runController(Object(App\Controllers\Admin))
 9 SYSTEMPATH\CodeIgniter.php(368): CodeIgniter\CodeIgniter->handleRequest(null, Object(Config\Cache), false)
10 FCPATH\index.php(67): CodeIgniter\CodeIgniter->run()
INFO - 2023-05-11 10:49:23 --> Session: Class initialized using 'CodeIgniter\Session\Handlers\FileHandler' driver.
CRITICAL - 2023-05-11 10:49:23 --> Undefined variable: row
in APPPATH\Views\admin\template.php on line 171.
 1 APPPATH\Views\admin\template.php(171): CodeIgniter\Debug\Exceptions->errorHandler(8, 'Undefined variable: row', 'C:\\xampp\\htdocs\\survey\\app\\Views\\admin\\template.php', 171, [...])
 2 SYSTEMPATH\View\View.php(213): include('C:\\xampp\\htdocs\\survey\\app\\Views\\admin\\template.php')
 3 SYSTEMPATH\View\View.php(216): CodeIgniter\View\View->CodeIgniter\View\{closure}()
 4 SYSTEMPATH\View\View.php(229): CodeIgniter\View\View->render('admin/template', [], true)
 5 SYSTEMPATH\Common.php(1184): CodeIgniter\View\View->render('/admin/dashboard', [], true)
 6 APPPATH\Controllers\Admin.php(13): view('/admin/dashboard')
 7 SYSTEMPATH\CodeIgniter.php(934): App\Controllers\Admin->index()
 8 SYSTEMPATH\CodeIgniter.php(499): CodeIgniter\CodeIgniter->runController(Object(App\Controllers\Admin))
 9 SYSTEMPATH\CodeIgniter.php(368): CodeIgniter\CodeIgniter->handleRequest(null, Object(Config\Cache), false)
10 FCPATH\index.php(67): CodeIgniter\CodeIgniter->run()
CRITICAL - 2023-05-11 10:50:43 --> Undefined variable: row
in APPPATH\Views\admin\daftarSurvey.php on line 47.
 1 APPPATH\Views\admin\daftarSurvey.php(47): CodeIgniter\Debug\Exceptions->errorHandler(8, 'Undefined variable: row', 'C:\\xampp\\htdocs\\survey\\app\\Views\\admin\\daftarSurvey.php', 47, [...])
 2 SYSTEMPATH\View\View.php(213): include('C:\\xampp\\htdocs\\survey\\app\\Views\\admin\\daftarSurvey.php')
 3 SYSTEMPATH\View\View.php(216): CodeIgniter\View\View->CodeIgniter\View\{closure}()
 4 SYSTEMPATH\Common.php(1184): CodeIgniter\View\View->render('/admin/daftarSurvey', [], true)
 5 APPPATH\Controllers\Daftar.php(9): view('/admin/daftarSurvey')
 6 SYSTEMPATH\CodeIgniter.php(934): App\Controllers\Daftar->index()
 7 SYSTEMPATH\CodeIgniter.php(499): CodeIgniter\CodeIgniter->runController(Object(App\Controllers\Daftar))
 8 SYSTEMPATH\CodeIgniter.php(368): CodeIgniter\CodeIgniter->handleRequest(null, Object(Config\Cache), false)
 9 FCPATH\index.php(67): CodeIgniter\CodeIgniter->run()
CRITICAL - 2023-05-11 10:50:56 --> Undefined variable: row
in APPPATH\Views\admin\daftarSurvey.php on line 47.
 1 APPPATH\Views\admin\daftarSurvey.php(47): CodeIgniter\Debug\Exceptions->errorHandler(8, 'Undefined variable: row', 'C:\\xampp\\htdocs\\survey\\app\\Views\\admin\\daftarSurvey.php', 47, [...])
 2 SYSTEMPATH\View\View.php(213): include('C:\\xampp\\htdocs\\survey\\app\\Views\\admin\\daftarSurvey.php')
 3 SYSTEMPATH\View\View.php(216): CodeIgniter\View\View->CodeIgniter\View\{closure}()
 4 SYSTEMPATH\Common.php(1184): CodeIgniter\View\View->render('/admin/daftarSurvey', [], true)
 5 APPPATH\Controllers\Daftar.php(9): view('/admin/daftarSurvey')
 6 SYSTEMPATH\CodeIgniter.php(934): App\Controllers\Daftar->index()
 7 SYSTEMPATH\CodeIgniter.php(499): CodeIgniter\CodeIgniter->runController(Object(App\Controllers\Daftar))
 8 SYSTEMPATH\CodeIgniter.php(368): CodeIgniter\CodeIgniter->handleRequest(null, Object(Config\Cache), false)
 9 FCPATH\index.php(67): CodeIgniter\CodeIgniter->run()
CRITICAL - 2023-05-11 10:51:18 --> Undefined variable: row
in APPPATH\Views\admin\daftarSurvey.php on line 47.
 1 APPPATH\Views\admin\daftarSurvey.php(47): CodeIgniter\Debug\Exceptions->errorHandler(8, 'Undefined variable: row', 'C:\\xampp\\htdocs\\survey\\app\\Views\\admin\\daftarSurvey.php', 47, [...])
 2 SYSTEMPATH\View\View.php(213): include('C:\\xampp\\htdocs\\survey\\app\\Views\\admin\\daftarSurvey.php')
 3 SYSTEMPATH\View\View.php(216): CodeIgniter\View\View->CodeIgniter\View\{closure}()
 4 SYSTEMPATH\Common.php(1184): CodeIgniter\View\View->render('/admin/daftarSurvey', [], true)
 5 APPPATH\Controllers\Daftar.php(9): view('/admin/daftarSurvey')
 6 SYSTEMPATH\CodeIgniter.php(934): App\Controllers\Daftar->index()
 7 SYSTEMPATH\CodeIgniter.php(499): CodeIgniter\CodeIgniter->runController(Object(App\Controllers\Daftar))
 8 SYSTEMPATH\CodeIgniter.php(368): CodeIgniter\CodeIgniter->handleRequest(null, Object(Config\Cache), false)
 9 FCPATH\index.php(67): CodeIgniter\CodeIgniter->run()
CRITICAL - 2023-05-11 10:54:42 --> Undefined variable: row
in APPPATH\Views\admin\daftarSurvey.php on line 47.
 1 APPPATH\Views\admin\daftarSurvey.php(47): CodeIgniter\Debug\Exceptions->errorHandler(8, 'Undefined variable: row', 'C:\\xampp\\htdocs\\survey\\app\\Views\\admin\\daftarSurvey.php', 47, [...])
 2 SYSTEMPATH\View\View.php(213): include('C:\\xampp\\htdocs\\survey\\app\\Views\\admin\\daftarSurvey.php')
 3 SYSTEMPATH\View\View.php(216): CodeIgniter\View\View->CodeIgniter\View\{closure}()
 4 SYSTEMPATH\Common.php(1184): CodeIgniter\View\View->render('/admin/daftarSurvey', [], true)
 5 APPPATH\Controllers\Daftar.php(9): view('/admin/daftarSurvey')
 6 SYSTEMPATH\CodeIgniter.php(934): App\Controllers\Daftar->index()
 7 SYSTEMPATH\CodeIgniter.php(499): CodeIgniter\CodeIgniter->runController(Object(App\Controllers\Daftar))
 8 SYSTEMPATH\CodeIgniter.php(368): CodeIgniter\CodeIgniter->handleRequest(null, Object(Config\Cache), false)
 9 FCPATH\index.php(67): CodeIgniter\CodeIgniter->run()
INFO - 2023-05-11 13:23:36 --> Session: Class initialized using 'CodeIgniter\Session\Handlers\FileHandler' driver.
INFO - 2023-05-11 13:23:50 --> Session: Class initialized using 'CodeIgniter\Session\Handlers\FileHandler' driver.
INFO - 2023-05-11 13:23:50 --> Session: Class initialized using 'CodeIgniter\Session\Handlers\FileHandler' driver.
CRITICAL - 2023-05-11 13:23:50 --> Undefined variable: row
in APPPATH\Views\admin\template.php on line 171.
 1 APPPATH\Views\admin\template.php(171): CodeIgniter\Debug\Exceptions->errorHandler(8, 'Undefined variable: row', 'C:\\xampp\\htdocs\\survey\\app\\Views\\admin\\template.php', 171, [...])
 2 SYSTEMPATH\View\View.php(213): include('C:\\xampp\\htdocs\\survey\\app\\Views\\admin\\template.php')
 3 SYSTEMPATH\View\View.php(216): CodeIgniter\View\View->CodeIgniter\View\{closure}()
 4 SYSTEMPATH\View\View.php(229): CodeIgniter\View\View->render('admin/template', [], true)
 5 SYSTEMPATH\Common.php(1184): CodeIgniter\View\View->render('/admin/dashboard', [], true)
 6 APPPATH\Controllers\Admin.php(13): view('/admin/dashboard')
 7 SYSTEMPATH\CodeIgniter.php(934): App\Controllers\Admin->index()
 8 SYSTEMPATH\CodeIgniter.php(499): CodeIgniter\CodeIgniter->runController(Object(App\Controllers\Admin))
 9 SYSTEMPATH\CodeIgniter.php(368): CodeIgniter\CodeIgniter->handleRequest(null, Object(Config\Cache), false)
10 FCPATH\index.php(67): CodeIgniter\CodeIgniter->run()
INFO - 2023-05-11 13:25:07 --> Session: Class initialized using 'CodeIgniter\Session\Handlers\FileHandler' driver.
CRITICAL - 2023-05-11 13:25:48 --> Undefined variable: row
in APPPATH\Views\admin\daftarSurvey.php on line 47.
 1 APPPATH\Views\admin\daftarSurvey.php(47): CodeIgniter\Debug\Exceptions->errorHandler(8, 'Undefined variable: row', 'C:\\xampp\\htdocs\\survey\\app\\Views\\admin\\daftarSurvey.php', 47, [...])
 2 SYSTEMPATH\View\View.php(213): include('C:\\xampp\\htdocs\\survey\\app\\Views\\admin\\daftarSurvey.php')
 3 SYSTEMPATH\View\View.php(216): CodeIgniter\View\View->CodeIgniter\View\{closure}()
 4 SYSTEMPATH\Common.php(1184): CodeIgniter\View\View->render('/admin/daftarSurvey', [], true)
 5 APPPATH\Controllers\Daftar.php(9): view('/admin/daftarSurvey')
 6 SYSTEMPATH\CodeIgniter.php(934): App\Controllers\Daftar->index()
 7 SYSTEMPATH\CodeIgniter.php(499): CodeIgniter\CodeIgniter->runController(Object(App\Controllers\Daftar))
 8 SYSTEMPATH\CodeIgniter.php(368): CodeIgniter\CodeIgniter->handleRequest(null, Object(Config\Cache), false)
 9 FCPATH\index.php(67): CodeIgniter\CodeIgniter->run()
INFO - 2023-05-11 13:25:51 --> Session: Class initialized using 'CodeIgniter\Session\Handlers\FileHandler' driver.
INFO - 2023-05-11 13:26:06 --> Session: Class initialized using 'CodeIgniter\Session\Handlers\FileHandler' driver.
INFO - 2023-05-11 13:26:26 --> Session: Class initialized using 'CodeIgniter\Session\Handlers\FileHandler' driver.
INFO - 2023-05-11 13:26:29 --> Session: Class initialized using 'CodeIgniter\Session\Handlers\FileHandler' driver.
INFO - 2023-05-11 13:28:53 --> Session: Class initialized using 'CodeIgniter\Session\Handlers\FileHandler' driver.
INFO - 2023-05-11 13:29:26 --> Session: Class initialized using 'CodeIgniter\Session\Handlers\FileHandler' driver.
INFO - 2023-05-11 13:29:31 --> Session: Class initialized using 'CodeIgniter\Session\Handlers\FileHandler' driver.
INFO - 2023-05-11 13:29:33 --> Session: Class initialized using 'CodeIgniter\Session\Handlers\FileHandler' driver.
INFO - 2023-05-11 13:30:09 --> Session: Class initialized using 'CodeIgniter\Session\Handlers\FileHandler' driver.
INFO - 2023-05-11 13:30:36 --> Session: Class initialized using 'CodeIgniter\Session\Handlers\FileHandler' driver.
INFO - 2023-05-11 13:32:02 --> Session: Class initialized using 'CodeIgniter\Session\Handlers\FileHandler' driver.
INFO - 2023-05-11 13:32:39 --> Session: Class initialized using 'CodeIgniter\Session\Handlers\FileHandler' driver.
INFO - 2023-05-11 13:32:55 --> Session: Class initialized using 'CodeIgniter\Session\Handlers\FileHandler' driver.
INFO - 2023-05-11 13:33:08 --> Session: Class initialized using 'CodeIgniter\Session\Handlers\FileHandler' driver.
INFO - 2023-05-11 13:33:51 --> Session: Class initialized using 'CodeIgniter\Session\Handlers\FileHandler' driver.
INFO - 2023-05-11 13:36:51 --> Session: Class initialized using 'CodeIgniter\Session\Handlers\FileHandler' driver.
INFO - 2023-05-11 13:37:23 --> Session: Class initialized using 'CodeIgniter\Session\Handlers\FileHandler' driver.
INFO - 2023-05-11 13:37:36 --> Session: Class initialized using 'CodeIgniter\Session\Handlers\FileHandler' driver.
INFO - 2023-05-11 13:37:54 --> Session: Class initialized using 'CodeIgniter\Session\Handlers\FileHandler' driver.
INFO - 2023-05-11 13:38:06 --> Session: Class initialized using 'CodeIgniter\Session\Handlers\FileHandler' driver.
INFO - 2023-05-11 13:38:20 --> Session: Class initialized using 'CodeIgniter\Session\Handlers\FileHandler' driver.
INFO - 2023-05-11 13:38:32 --> Session: Class initialized using 'CodeIgniter\Session\Handlers\FileHandler' driver.
INFO - 2023-05-11 13:38:41 --> Session: Class initialized using 'CodeIgniter\Session\Handlers\FileHandler' driver.
INFO - 2023-05-11 13:38:47 --> Session: Class initialized using 'CodeIgniter\Session\Handlers\FileHandler' driver.
INFO - 2023-05-11 13:39:06 --> Session: Class initialized using 'CodeIgniter\Session\Handlers\FileHandler' driver.
INFO - 2023-05-11 13:39:32 --> Session: Class initialized using 'CodeIgniter\Session\Handlers\FileHandler' driver.
CRITICAL - 2023-05-11 13:39:36 --> Undefined variable: row
in APPPATH\Views\admin\daftarSurvey.php on line 47.
 1 APPPATH\Views\admin\daftarSurvey.php(47): CodeIgniter\Debug\Exceptions->errorHandler(8, 'Undefined variable: row', 'C:\\xampp\\htdocs\\survey\\app\\Views\\admin\\daftarSurvey.php', 47, [...])
 2 SYSTEMPATH\View\View.php(213): include('C:\\xampp\\htdocs\\survey\\app\\Views\\admin\\daftarSurvey.php')
 3 SYSTEMPATH\View\View.php(216): CodeIgniter\View\View->CodeIgniter\View\{closure}()
 4 SYSTEMPATH\Common.php(1184): CodeIgniter\View\View->render('/admin/daftarSurvey', [], true)
 5 APPPATH\Controllers\Daftar.php(9): view('/admin/daftarSurvey')
 6 SYSTEMPATH\CodeIgniter.php(934): App\Controllers\Daftar->index()
 7 SYSTEMPATH\CodeIgniter.php(499): CodeIgniter\CodeIgniter->runController(Object(App\Controllers\Daftar))
 8 SYSTEMPATH\CodeIgniter.php(368): CodeIgniter\CodeIgniter->handleRequest(null, Object(Config\Cache), false)
 9 FCPATH\index.php(67): CodeIgniter\CodeIgniter->run()
INFO - 2023-05-11 13:39:37 --> Session: Class initialized using 'CodeIgniter\Session\Handlers\FileHandler' driver.
INFO - 2023-05-11 13:43:12 --> Session: Class initialized using 'CodeIgniter\Session\Handlers\FileHandler' driver.
CRITICAL - 2023-05-11 13:43:22 --> Undefined variable: row
in APPPATH\Views\admin\daftarSurvey.php on line 47.
 1 APPPATH\Views\admin\daftarSurvey.php(47): CodeIgniter\Debug\Exceptions->errorHandler(8, 'Undefined variable: row', 'C:\\xampp\\htdocs\\survey\\app\\Views\\admin\\daftarSurvey.php', 47, [...])
 2 SYSTEMPATH\View\View.php(213): include('C:\\xampp\\htdocs\\survey\\app\\Views\\admin\\daftarSurvey.php')
 3 SYSTEMPATH\View\View.php(216): CodeIgniter\View\View->CodeIgniter\View\{closure}()
 4 SYSTEMPATH\Common.php(1184): CodeIgniter\View\View->render('/admin/daftarSurvey', [], true)
 5 APPPATH\Controllers\Daftar.php(9): view('/admin/daftarSurvey')
 6 SYSTEMPATH\CodeIgniter.php(934): App\Controllers\Daftar->index()
 7 SYSTEMPATH\CodeIgniter.php(499): CodeIgniter\CodeIgniter->runController(Object(App\Controllers\Daftar))
 8 SYSTEMPATH\CodeIgniter.php(368): CodeIgniter\CodeIgniter->handleRequest(null, Object(Config\Cache), false)
 9 FCPATH\index.php(67): CodeIgniter\CodeIgniter->run()
INFO - 2023-05-11 13:43:24 --> Session: Class initialized using 'CodeIgniter\Session\Handlers\FileHandler' driver.
INFO - 2023-05-11 13:53:20 --> Session: Class initialized using 'CodeIgniter\Session\Handlers\FileHandler' driver.
INFO - 2023-05-11 13:54:17 --> Session: Class initialized using 'CodeIgniter\Session\Handlers\FileHandler' driver.
INFO - 2023-05-11 13:54:55 --> Session: Class initialized using 'CodeIgniter\Session\Handlers\FileHandler' driver.
INFO - 2023-05-11 13:54:56 --> Session: Class initialized using 'CodeIgniter\Session\Handlers\FileHandler' driver.
INFO - 2023-05-11 13:55:01 --> Session: Class initialized using 'CodeIgniter\Session\Handlers\FileHandler' driver.
INFO - 2023-05-11 13:55:06 --> Session: Class initialized using 'CodeIgniter\Session\Handlers\FileHandler' driver.
INFO - 2023-05-11 13:55:10 --> Session: Class initialized using 'CodeIgniter\Session\Handlers\FileHandler' driver.
INFO - 2023-05-11 13:55:12 --> Session: Class initialized using 'CodeIgniter\Session\Handlers\FileHandler' driver.
INFO - 2023-05-11 13:55:20 --> Session: Class initialized using 'CodeIgniter\Session\Handlers\FileHandler' driver.
INFO - 2023-05-11 14:18:46 --> Session: Class initialized using 'CodeIgniter\Session\Handlers\FileHandler' driver.
INFO - 2023-05-11 15:39:27 --> Session: Class initialized using 'CodeIgniter\Session\Handlers\FileHandler' driver.
INFO - 2023-05-11 15:39:32 --> Session: Class initialized using 'CodeIgniter\Session\Handlers\FileHandler' driver.
INFO - 2023-05-11 15:39:34 --> Session: Class initialized using 'CodeIgniter\Session\Handlers\FileHandler' driver.
INFO - 2023-05-11 15:39:53 --> Session: Class initialized using 'CodeIgniter\Session\Handlers\FileHandler' driver.
INFO - 2023-05-11 15:39:54 --> Session: Class initialized using 'CodeIgniter\Session\Handlers\FileHandler' driver.
INFO - 2023-05-11 15:45:48 --> Session: Class initialized using 'CodeIgniter\Session\Handlers\FileHandler' driver.
INFO - 2023-05-11 15:45:51 --> Session: Class initialized using 'CodeIgniter\Session\Handlers\FileHandler' driver.
INFO - 2023-05-11 15:45:56 --> Session: Class initialized using 'CodeIgniter\Session\Handlers\FileHandler' driver.
INFO - 2023-05-11 15:46:39 --> Session: Class initialized using 'CodeIgniter\Session\Handlers\FileHandler' driver.
INFO - 2023-05-11 15:47:00 --> Session: Class initialized using 'CodeIgniter\Session\Handlers\FileHandler' driver.
INFO - 2023-05-11 15:47:00 --> Session: Class initialized using 'CodeIgniter\Session\Handlers\FileHandler' driver.
INFO - 2023-05-11 15:47:11 --> Session: Class initialized using 'CodeIgniter\Session\Handlers\FileHandler' driver.
INFO - 2023-05-11 15:47:11 --> Session: Class initialized using 'CodeIgniter\Session\Handlers\FileHandler' driver.
INFO - 2023-05-11 15:47:20 --> Session: Class initialized using 'CodeIgniter\Session\Handlers\FileHandler' driver.
INFO - 2023-05-11 15:47:20 --> Session: Class initialized using 'CodeIgniter\Session\Handlers\FileHandler' driver.
INFO - 2023-05-11 15:47:27 --> Session: Class initialized using 'CodeIgniter\Session\Handlers\FileHandler' driver.
INFO - 2023-05-11 15:47:27 --> Session: Class initialized using 'CodeIgniter\Session\Handlers\FileHandler' driver.
INFO - 2023-05-11 15:47:32 --> Session: Class initialized using 'CodeIgniter\Session\Handlers\FileHandler' driver.
INFO - 2023-05-11 15:47:33 --> Session: Class initialized using 'CodeIgniter\Session\Handlers\FileHandler' driver.
INFO - 2023-05-11 16:07:21 --> Session: Class initialized using 'CodeIgniter\Session\Handlers\FileHandler' driver.
INFO - 2023-05-11 16:07:28 --> Session: Class initialized using 'CodeIgniter\Session\Handlers\FileHandler' driver.
INFO - 2023-05-11 16:07:28 --> Session: Class initialized using 'CodeIgniter\Session\Handlers\FileHandler' driver.
INFO - 2023-05-11 16:14:09 --> Session: Class initialized using 'CodeIgniter\Session\Handlers\FileHandler' driver.
INFO - 2023-05-11 16:14:15 --> Session: Class initialized using 'CodeIgniter\Session\Handlers\FileHandler' driver.
INFO - 2023-05-11 16:21:33 --> Session: Class initialized using 'CodeIgniter\Session\Handlers\FileHandler' driver.
INFO - 2023-05-11 16:22:27 --> Session: Class initialized using 'CodeIgniter\Session\Handlers\FileHandler' driver.
